2026-03-26 22:31:03.860 | SUCCESS  | web_app.backend.utils.logger:setup_advanced_logging:37 - 🚀 Sistema de Logging BioKidney Activado (Nivel: DEBUG)
2026-03-26 22:31:37.920 | SUCCESS  | web_app.backend.utils.logger:setup_advanced_logging:37 - 🚀 Sistema de Logging BioKidney Activado (Nivel: DEBUG)
2026-03-26 22:31:39.053 | INFO     | web_app.backend.services.simulation_service:run_vascular:32 - Simulando sistema vascular CCO...
2026-03-26 22:31:39.076 | ERROR    | web_app.backend.services.simulation_service:_persist:699 - Error persistiendo resultado: (sqlite3.OperationalError) unable to open database file
(Background on this error at: https://sqlalche.me/e/20/e3q8)
2026-03-26 22:31:39.079 | INFO     | web_app.backend.services.simulation_service:run_filtration:91 - Simulando filtración glomerular...
2026-03-26 22:31:40.788 | ERROR    | web_app.backend.services.simulation_service:_persist:699 - Error persistiendo resultado: (sqlite3.OperationalError) unable to open database file
(Background on this error at: https://sqlalche.me/e/20/e3q8)
2026-03-26 22:31:40.789 | INFO     | web_app.backend.services.simulation_service:run_reabsorption:183 - Simulando reabsorción tubular...
2026-03-26 22:31:40.792 | ERROR    | web_app.backend.services.simulation_service:_persist:699 - Error persistiendo resultado: (sqlite3.OperationalError) unable to open database file
(Background on this error at: https://sqlalche.me/e/20/e3q8)
2026-03-26 22:31:40.793 | INFO     | web_app.backend.services.simulation_service:run_oxygen:294 - Simulando difusión de oxígeno...
2026-03-26 22:31:41.810 | ERROR    | web_app.backend.services.simulation_service:_persist:699 - Error persistiendo resultado: (sqlite3.OperationalError) unable to open database file
(Background on this error at: https://sqlalche.me/e/20/e3q8)
2026-03-26 22:31:41.811 | INFO     | web_app.backend.services.simulation_service:run_ipsc:388 - Simulando diferenciación iPSC...
2026-03-26 22:31:42.789 | ERROR    | web_app.backend.services.simulation_service:_persist:699 - Error persistiendo resultado: (sqlite3.OperationalError) unable to open database file
(Background on this error at: https://sqlalche.me/e/20/e3q8)
2026-03-26 22:31:42.790 | INFO     | web_app.backend.services.simulation_service:run_bioprinting:515 - Simulando optimización Co-SWIFT bioprinting...
2026-03-26 22:31:42.795 | ERROR    | web_app.backend.services.simulation_service:_persist:699 - Error persistiendo resultado: (sqlite3.OperationalError) unable to open database file
(Background on this error at: https://sqlalche.me/e/20/e3q8)
2026-03-26 22:33:17.328 | SUCCESS  | web_app.backend.utils.logger:setup_advanced_logging:37 - 🚀 Sistema de Logging BioKidney Activado (Nivel: DEBUG)
2026-03-26 22:33:33.083 | SUCCESS  | web_app.backend.utils.logger:setup_advanced_logging:37 - 🚀 Sistema de Logging BioKidney Activado (Nivel: DEBUG)
2026-03-26 22:33:52.360 | INFO     | web_app.backend.services.simulation_service:run_filtration:91 - Simulando filtración glomerular...
2026-03-26 22:34:09.896 | INFO     | web_app.backend.main:run_full_pipeline:99 - Petición de pipeline completo recibida
2026-03-26 22:34:09.898 | INFO     | web_app.backend.services.simulation_service:run_full_pipeline:607 - Iniciando pipeline completo con params: {}
2026-03-26 22:34:09.902 | INFO     | web_app.backend.services.simulation_service:run_vascular:32 - Simulando sistema vascular CCO...
2026-03-26 22:34:09.929 | INFO     | web_app.backend.services.simulation_service:run_filtration:91 - Simulando filtración glomerular...
2026-03-26 22:34:12.159 | INFO     | web_app.backend.services.simulation_service:run_reabsorption:183 - Simulando reabsorción tubular...
2026-03-26 22:34:12.166 | INFO     | web_app.backend.services.simulation_service:run_oxygen:294 - Simulando difusión de oxígeno...
2026-03-26 22:34:19.041 | INFO     | web_app.backend.services.simulation_service:run_ipsc:388 - Simulando diferenciación iPSC...
2026-03-26 22:34:19.987 | INFO     | web_app.backend.services.simulation_service:run_bioprinting:515 - Simulando optimización Co-SWIFT bioprinting...
2026-03-26 22:36:43.224 | SUCCESS  | web_app.backend.utils.logger:setup_advanced_logging:37 - 🚀 Sistema de Logging BioKidney Activado (Nivel: DEBUG)
2026-03-26 22:36:44.545 | SUCCESS  | __main__:<module>:126 - Iniciando BioKidney AI Platform v2026.2.0...
2026-03-26 22:37:36.885 | INFO     | web_app.backend.services.simulation_service:run_vascular:32 - Simulando sistema vascular CCO...
2026-03-26 22:38:18.712 | SUCCESS  | web_app.backend.utils.logger:setup_advanced_logging:37 - 🚀 Sistema de Logging BioKidney Activado (Nivel: DEBUG)
2026-03-26 22:38:20.120 | SUCCESS  | __main__:<module>:126 - Iniciando BioKidney AI Platform v2026.2.0...
2026-03-26 22:38:34.425 | INFO     | web_app.backend.services.simulation_service:run_vascular:32 - Simulando sistema vascular CCO...
2026-03-26 22:39:08.786 | INFO     | __main__:run_full_pipeline:99 - Petición de pipeline completo recibida
2026-03-26 22:39:08.801 | INFO     | web_app.backend.services.simulation_service:run_full_pipeline:641 - Iniciando pipeline completo con params: {}
2026-03-26 22:39:08.806 | INFO     | web_app.backend.services.simulation_service:run_vascular:32 - Simulando sistema vascular CCO...
2026-03-26 22:39:09.359 | INFO     | web_app.backend.services.simulation_service:run_filtration:115 - Simulando filtración glomerular...
2026-03-26 22:39:11.277 | INFO     | web_app.backend.services.simulation_service:run_reabsorption:207 - Simulando reabsorción tubular...
2026-03-26 22:39:11.284 | INFO     | web_app.backend.services.simulation_service:run_oxygen:318 - Simulando difusión de oxígeno...
2026-03-26 22:39:11.489 | INFO     | web_app.backend.services.simulation_service:run_ipsc:422 - Simulando diferenciación iPSC...
2026-03-26 22:39:12.440 | INFO     | web_app.backend.services.simulation_service:run_bioprinting:549 - Simulando optimización Co-SWIFT bioprinting...
2026-03-26 22:40:12.957 | SUCCESS  | web_app.backend.utils.logger:setup_advanced_logging:37 - 🚀 Sistema de Logging BioKidney Activado (Nivel: DEBUG)
2026-03-26 22:40:14.299 | SUCCESS  | __main__:<module>:126 - Iniciando BioKidney AI Platform v2026.2.0...
2026-03-26 22:40:28.283 | INFO     | __main__:run_full_pipeline:99 - Petición de pipeline completo recibida
2026-03-26 22:40:28.284 | INFO     | web_app.backend.services.simulation_service:run_full_pipeline:641 - Iniciando pipeline completo con params: {'oxygen': {'grid_size': 20}}
2026-03-26 22:40:28.286 | INFO     | web_app.backend.services.simulation_service:run_vascular:32 - Simulando sistema vascular CCO...
2026-03-26 22:40:28.590 | INFO     | web_app.backend.services.simulation_service:run_filtration:115 - Simulando filtración glomerular...
2026-03-26 22:40:30.925 | INFO     | web_app.backend.services.simulation_service:run_reabsorption:207 - Simulando reabsorción tubular...
2026-03-26 22:40:30.931 | INFO     | web_app.backend.services.simulation_service:run_oxygen:318 - Simulando difusión de oxígeno...
2026-03-26 22:40:31.046 | INFO     | web_app.backend.services.simulation_service:run_ipsc:422 - Simulando diferenciación iPSC...
2026-03-26 22:40:31.936 | INFO     | web_app.backend.services.simulation_service:run_bioprinting:549 - Simulando optimización Co-SWIFT bioprinting...
2026-03-26 22:41:08.150 | SUCCESS  | web_app.backend.utils.logger:setup_advanced_logging:37 - 🚀 Sistema de Logging BioKidney Activado (Nivel: DEBUG)
2026-03-26 22:41:09.300 | SUCCESS  | __main__:<module>:126 - Iniciando BioKidney AI Platform v2026.2.0...
2026-03-26 22:41:09.566 | INFO     | web_app.backend.services.simulation_service:run_oxygen:318 - Simulando difusión de oxígeno...
2026-03-26 22:42:11.283 | SUCCESS  | web_app.backend.utils.logger:setup_advanced_logging:37 - 🚀 Sistema de Logging BioKidney Activado (Nivel: DEBUG)
2026-03-26 22:42:12.604 | SUCCESS  | __main__:<module>:126 - Iniciando BioKidney AI Platform v2026.2.0...
2026-03-26 22:42:29.948 | INFO     | __main__:run_full_pipeline:99 - Petición de pipeline completo recibida
2026-03-26 22:42:29.950 | INFO     | web_app.backend.services.simulation_service:run_full_pipeline:637 - Iniciando pipeline completo con params: {}
2026-03-26 22:42:29.951 | INFO     | web_app.backend.services.simulation_service:run_vascular:32 - Simulando sistema vascular CCO...
2026-03-26 22:42:30.555 | INFO     | web_app.backend.services.simulation_service:run_filtration:115 - Simulando filtración glomerular...
2026-03-26 22:42:32.813 | INFO     | web_app.backend.services.simulation_service:run_reabsorption:207 - Simulando reabsorción tubular...
2026-03-26 22:42:32.824 | INFO     | web_app.backend.services.simulation_service:run_oxygen:318 - Simulando difusión de oxígeno...
2026-03-26 22:42:32.866 | INFO     | web_app.backend.services.simulation_service:run_ipsc:418 - Simulando diferenciación iPSC...
2026-03-26 22:42:33.895 | INFO     | web_app.backend.services.simulation_service:run_bioprinting:545 - Simulando optimización Co-SWIFT bioprinting...
2026-03-26 23:39:09.697 | SUCCESS  | web_app.backend.utils.logger:setup_advanced_logging:37 - 🚀 Sistema de Logging BioKidney Activado (Nivel: DEBUG)
2026-03-26 23:39:10.867 | SUCCESS  | __main__:<module>:126 - Iniciando BioKidney AI Platform v2026.2.0...
2026-03-26 23:39:47.023 | INFO     | web_app.backend.services.simulation_service:run_vascular:32 - Simulando sistema vascular CCO...
2026-03-26 23:40:09.454 | INFO     | web_app.backend.services.simulation_service:run_vascular:32 - Simulando sistema vascular CCO...
2026-03-26 23:40:29.549 | INFO     | web_app.backend.services.simulation_service:run_vascular:32 - Simulando sistema vascular CCO...
2026-03-26 23:40:40.905 | INFO     | web_app.backend.services.simulation_service:run_filtration:115 - Simulando filtración glomerular...
2026-03-26 23:41:04.006 | INFO     | web_app.backend.services.simulation_service:run_reabsorption:207 - Simulando reabsorción tubular...
2026-03-26 23:51:27.776 | INFO     | web_app.backend.services.simulation_service:run_oxygen:318 - Simulando difusión de oxígeno...
2026-03-26 23:51:41.421 | INFO     | web_app.backend.services.simulation_service:run_ipsc:418 - Simulando diferenciación iPSC...
2026-03-26 23:52:12.142 | INFO     | web_app.backend.services.simulation_service:run_bioprinting:545 - Simulando optimización Co-SWIFT bioprinting...
2026-03-27 00:34:25.371 | INFO     | web_app.backend.services.simulation_service:run_reabsorption:207 - Simulando reabsorción tubular...
2026-03-27 00:34:36.681 | INFO     | web_app.backend.services.simulation_service:run_bioprinting:545 - Simulando optimización Co-SWIFT bioprinting...
